# JRE version: Java(TM) SE Runtime Environment 18.9 (11.0.11+9) (build 11.0.11+9-LTS-194)
# Java VM: Java HotSpot(TM) 64-Bit Server VM 18.9 (11.0.11+9-LTS-194, mixed mode, tiered, compressed oops, g1 gc, windows-amd64)
Heap:
 garbage-first heap   total 262144K, used 28119K [0x00000000e0000000, 0x0000000100000000)
  region size 1024K, 19 young (19456K), 5 survivors (5120K)
 Metaspace       used 30472K, capacity 31299K, committed 31488K, reserved 1077248K
  class space    used 3728K, capacity 4046K, committed 4096K, reserved 1048576K
GC Heap History (10 events):
Event: 0.515 GC heap before
{Heap before GC invocations=0 (full 0):
 garbage-first heap   total 262144K, used 23552K [0x00000000e0000000, 0x0000000100000000)
  region size 1024K, 24 young (24576K), 0 survivors (0K)
 Metaspace       used 9800K, capacity 10089K, committed 10368K, reserved 1058816K
  class space    used 970K, capacity 1068K, committed 1152K, reserved 1048576K
}
Event: 0.521 GC heap after
{Heap after GC invocations=1 (full 0):
 garbage-first heap   total 262144K, used 11302K [0x00000000e0000000, 0x0000000100000000)
  region size 1024K, 3 young (3072K), 3 survivors (3072K)
 Metaspace       used 9800K, capacity 10089K, committed 10368K, reserved 1058816K
  class space    used 970K, capacity 1068K, committed 1152K, reserved 1048576K
}
Event: 0.874 GC heap before
{Heap before GC invocations=1 (full 0):
 garbage-first heap   total 262144K, used 22566K [0x00000000e0000000, 0x0000000100000000)
  region size 1024K, 15 young (15360K), 3 survivors (3072K)
 Metaspace       used 13528K, capacity 13912K, committed 14080K, reserved 1062912K
  class space    used 1440K, capacity 1532K, committed 1536K, reserved 1048576K
}
Event: 0.877 GC heap after
{Heap after GC invocations=2 (full 0):
 garbage-first heap   total 262144K, used 12064K [0x00000000e0000000, 0x0000000100000000)
  region size 1024K, 1 young (1024K), 1 survivors (1024K)
 Metaspace       used 13528K, capacity 13912K, committed 14080K, reserved 1062912K
  class space    used 1440K, capacity 1532K, committed 1536K, reserved 1048576K
}
Event: 1.330 GC heap before
{Heap before GC invocations=2 (full 0):
 garbage-first heap   total 262144K, used 52000K [0x00000000e0000000, 0x0000000100000000)
  region size 1024K, 40 young (40960K), 1 survivors (1024K)
 Metaspace       used 19701K, capacity 20346K, committed 20480K, reserved 1067008K
  class space    used 2217K, capacity 2454K, committed 2560K, reserved 1048576K
}
Event: 1.332 GC heap after
{Heap after GC invocations=3 (full 0):
 garbage-first heap   total 262144K, used 13495K [0x00000000e0000000, 0x0000000100000000)
  region size 1024K, 3 young (3072K), 3 survivors (3072K)
 Metaspace       used 19701K, capacity 20346K, committed 20480K, reserved 1067008K
  class space    used 2217K, capacity 2454K, committed 2560K, reserved 1048576K
}
Event: 1.394 GC heap before
{Heap before GC invocations=3 (full 0):
 garbage-first heap   total 262144K, used 20663K [0x00000000e0000000, 0x0000000100000000)
  region size 1024K, 11 young (11264K), 3 survivors (3072K)
 Metaspace       used 20584K, capacity 21237K, committed 21248K, reserved 1069056K
  class space    used 2328K, capacity 2559K, committed 2560K, reserved 1048576K
}
Event: 1.396 GC heap after
{Heap after GC invocations=4 (full 0):
 garbage-first heap   total 262144K, used 13744K [0x00000000e0000000, 0x0000000100000000)
  region size 1024K, 3 young (3072K), 3 survivors (3072K)
 Metaspace       used 20584K, capacity 21237K, committed 21248K, reserved 1069056K
  class space    used 2328K, capacity 2559K, committed 2560K, reserved 1048576K
}
Event: 1.928 GC heap before
{Heap before GC invocations=5 (full 0):
 garbage-first heap   total 262144K, used 95664K [0x00000000e0000000, 0x0000000100000000)
  region size 1024K, 83 young (84992K), 3 survivors (3072K)
 Metaspace       used 29088K, capacity 29917K, committed 30080K, reserved 1075200K
  class space    used 3496K, capacity 3841K, committed 3968K, reserved 1048576K
}
Event: 1.932 GC heap after
{Heap after GC invocations=6 (full 0):
 garbage-first heap   total 262144K, used 15831K [0x00000000e0000000, 0x0000000100000000)
  region size 1024K, 5 young (5120K), 5 survivors (5120K)
 Metaspace       used 29088K, capacity 29917K, committed 30080K, reserved 1075200K
  class space    used 3496K, capacity 3841K, committed 3968K, reserved 1048576K
}

