# JRE version: Java(TM) SE Runtime Environment 18.9 (11.0.11+9) (build 11.0.11+9-LTS-194)
# Java VM: Java HotSpot(TM) 64-Bit Server VM 18.9 (11.0.11+9-LTS-194, mixed mode, tiered, compressed oops, g1 gc, windows-amd64)
Heap:
 garbage-first heap   total 315392K, used 21630K [0x0000000701800000, 0x0000000800000000)
  region size 1024K, 14 young (14336K), 14 survivors (14336K)
 Metaspace       used 48067K, capacity 49172K, committed 49280K, reserved 1091584K
  class space    used 5772K, capacity 6250K, committed 6272K, reserved 1048576K
GC Heap History (10 events):
Event: 0.777 GC heap after
{Heap after GC invocations=2 (full 0):
 garbage-first heap   total 262144K, used 8866K [0x0000000701800000, 0x0000000800000000)
  region size 1024K, 2 young (2048K), 2 survivors (2048K)
 Metaspace       used 14588K, capacity 14920K, committed 15232K, reserved 1062912K
  class space    used 1444K, capacity 1555K, committed 1664K, reserved 1048576K
}
Event: 1.195 GC heap before
{Heap before GC invocations=2 (full 0):
 garbage-first heap   total 262144K, used 50850K [0x0000000701800000, 0x0000000800000000)
  region size 1024K, 44 young (45056K), 2 survivors (2048K)
 Metaspace       used 20716K, capacity 21139K, committed 21248K, reserved 1069056K
  class space    used 2280K, capacity 2464K, committed 2560K, reserved 1048576K
}
Event: 1.198 GC heap after
{Heap after GC invocations=3 (full 0):
 garbage-first heap   total 262144K, used 10170K [0x0000000701800000, 0x0000000800000000)
  region size 1024K, 3 young (3072K), 3 survivors (3072K)
 Metaspace       used 20716K, capacity 21139K, committed 21248K, reserved 1069056K
  class space    used 2280K, capacity 2464K, committed 2560K, reserved 1048576K
}
Event: 2.941 GC heap before
{Heap before GC invocations=4 (full 0):
 garbage-first heap   total 262144K, used 118714K [0x0000000701800000, 0x0000000800000000)
  region size 1024K, 109 young (111616K), 3 survivors (3072K)
 Metaspace       used 33377K, capacity 34040K, committed 34176K, reserved 1079296K
  class space    used 3906K, capacity 4159K, committed 4224K, reserved 1048576K
}
Event: 2.946 GC heap after
{Heap after GC invocations=5 (full 0):
 garbage-first heap   total 262144K, used 14385K [0x0000000701800000, 0x0000000800000000)
  region size 1024K, 7 young (7168K), 7 survivors (7168K)
 Metaspace       used 33377K, capacity 34040K, committed 34176K, reserved 1079296K
  class space    used 3906K, capacity 4159K, committed 4224K, reserved 1048576K
}
Event: 3.272 GC heap before
{Heap before GC invocations=5 (full 0):
 garbage-first heap   total 262144K, used 153649K [0x0000000701800000, 0x0000000800000000)
  region size 1024K, 143 young (146432K), 7 survivors (7168K)
 Metaspace       used 34151K, capacity 34825K, committed 35072K, reserved 1079296K
  class space    used 3982K, capacity 4239K, committed 4352K, reserved 1048576K
}
Event: 3.277 GC heap after
{Heap after GC invocations=6 (full 0):
 garbage-first heap   total 262144K, used 15649K [0x0000000701800000, 0x0000000800000000)
  region size 1024K, 8 young (8192K), 8 survivors (8192K)
 Metaspace       used 34151K, capacity 34825K, committed 35072K, reserved 1079296K
  class space    used 3982K, capacity 4239K, committed 4352K, reserved 1048576K
}
Event: 3.422 GC heap before
{Heap before GC invocations=6 (full 0):
 garbage-first heap   total 262144K, used 62753K [0x0000000701800000, 0x0000000800000000)
  region size 1024K, 55 young (56320K), 8 survivors (8192K)
 Metaspace       used 35004K, capacity 35704K, committed 35840K, reserved 1081344K
  class space    used 4084K, capacity 4355K, committed 4480K, reserved 1048576K
}
Event: 3.427 GC heap after
{Heap after GC invocations=7 (full 0):
 garbage-first heap   total 262144K, used 15785K [0x0000000701800000, 0x0000000800000000)
  region size 1024K, 8 young (8192K), 8 survivors (8192K)
 Metaspace       used 35004K, capacity 35704K, committed 35840K, reserved 1081344K
  class space    used 4084K, capacity 4355K, committed 4480K, reserved 1048576K
}
Event: 5.266 GC heap before
{Heap before GC invocations=8 (full 0):
 garbage-first heap   total 262144K, used 164265K [0x0000000701800000, 0x0000000800000000)
  region size 1024K, 153 young (156672K), 8 survivors (8192K)
 Metaspace       used 48067K, capacity 49172K, committed 49280K, reserved 1091584K
  class space    used 5772K, capacity 6250K, committed 6272K, reserved 1048576K
}

